<?xml version="1.0" encoding="utf-8"?>
<TestRun id="3ff5c5c0-4e65-4f95-b3de-b6aa0c93c361" name="Darren@DESKTOP-8LAH5J8 2024-02-29 07:12:28" runUser="DESKTOP-8LAH5J8\Darren" xmlns="http://microsoft.com/schemas/VisualStudio/TeamTest/2010">
  <Times creation="2024-02-29T07:12:28.0365060-05:00" queuing="2024-02-29T07:12:28.0365060-05:00" start="2024-02-29T07:12:24.1798641-05:00" finish="2024-02-29T07:12:49.5513546-05:00" />
  <TestSettings name="default" id="ce1f230f-423f-4e16-a760-bad0737ee8b3">
    <Deployment runDeploymentRoot="Darren_DESKTOP-8LAH5J8_2024-02-29_07_12_28" />
  </TestSettings>
  <Results>
    <UnitTestResult executionId="2a22533d-0044-4eb2-83fc-e3b4b6026608" testId="032c0885-a57c-8b8c-7984-c9fc3b1ce710" testName="AddingToShoppingCartUpdatesCounterIcon" computerName="DESKTOP-8LAH5J8" duration="00:00:09.3574859" startTime="2024-02-29T07:12:40.1367265-05:00" endTime="2024-02-29T07:12:49.4956178-05:00" testType="13cdc9d9-ddb5-4fa4-a97d-d965ccfc6d4b" outcome="Failed" testListId="8c84fa94-04c1-424b-9868-57a2d4851a1d" relativeResultsDirectory="2a22533d-0044-4eb2-83fc-e3b4b6026608">
      <Output>
        <StdOut>OpenQA.Selenium.WebDriverTimeoutException: Timed out after 5 seconds&#xD;
   at OpenQA.Selenium.Support.UI.DefaultWait`1.ThrowTimeoutException(String exceptionMessage, Exception lastException)&#xD;
   at OpenQA.Selenium.Support.UI.DefaultWait`1.Until[TResult](Func`2 condition, CancellationToken token)&#xD;
   at OpenQA.Selenium.Support.UI.DefaultWait`1.Until[TResult](Func`2 condition)&#xD;
   at SeleniumPOM_LumaStore_Demo.Pages.MiniShoppingCart.GetUpdatedCounter() in D:\Source\Repos\SeleniumPOM-LumaStore-Demo\SeleniumPOM-LumaStore-Demo\Pages\Components\MiniShoppingCart.cs:line 16</StdOut>
        <ErrorInfo>
          <Message>Assert.AreEqual failed. Expected:&lt;1&gt;. Actual:&lt;0&gt;. cart count does not match expected amount
 expected is '1' but cart counter is displaying 0</Message>
          <StackTrace>   at SeleniumPOM_LumaStore_Demo.Tests.ShoppingCartTests.AddingToShoppingCartUpdatesCounterIcon() in D:\Source\Repos\SeleniumPOM-LumaStore-Demo\SeleniumPOM-LumaStore-Demo\Tests\ShoppingCartTests.cs:line 38&#xD;
   at System.RuntimeMethodHandle.InvokeMethod(Object target, Void** arguments, Signature sig, Boolean isConstructor)&#xD;
   at System.Reflection.MethodBaseInvoker.InvokeWithNoArgs(Object obj, BindingFlags invokeAttr)&#xD;
</StackTrace>
        </ErrorInfo>
      </Output>
    </UnitTestResult>
    <UnitTestResult executionId="7b8fb0ee-e478-4256-bdb5-de4b521ba7fc" testId="eee6827c-319b-e15f-ed39-ad2f940b5a9e" testName="UnableToAddToCartMissingColor" computerName="DESKTOP-8LAH5J8" duration="00:00:03.3466261" startTime="2024-02-29T07:12:28.0232124-05:00" endTime="2024-02-29T07:12:31.3701142-05:00" testType="13cdc9d9-ddb5-4fa4-a97d-d965ccfc6d4b" outcome="Passed" testListId="8c84fa94-04c1-424b-9868-57a2d4851a1d" relativeResultsDirectory="7b8fb0ee-e478-4256-bdb5-de4b521ba7fc" />
    <UnitTestResult executionId="d158f2b3-b9d9-49e9-a53d-b5ad36e324d7" testId="add8dfda-618c-7b30-1ad5-26fde67ed460" testName="UnableToAddToCartMissingSize" computerName="DESKTOP-8LAH5J8" duration="00:00:03.4767629" startTime="2024-02-29T07:12:24.5308384-05:00" endTime="2024-02-29T07:12:28.0146846-05:00" testType="13cdc9d9-ddb5-4fa4-a97d-d965ccfc6d4b" outcome="Passed" testListId="8c84fa94-04c1-424b-9868-57a2d4851a1d" relativeResultsDirectory="d158f2b3-b9d9-49e9-a53d-b5ad36e324d7">
      <Output>
        <StdOut>Strike</StdOut>
      </Output>
    </UnitTestResult>
    <UnitTestResult executionId="771ae6b3-c741-4904-b15e-402425aa5d50" testId="13788aa9-b312-8c37-9712-5501c601dcfb" testName="UnableToAddToCartMissingQuantity" computerName="DESKTOP-8LAH5J8" duration="00:00:03.5092289" startTime="2024-02-29T07:12:31.3711393-05:00" endTime="2024-02-29T07:12:34.8807122-05:00" testType="13cdc9d9-ddb5-4fa4-a97d-d965ccfc6d4b" outcome="Passed" testListId="8c84fa94-04c1-424b-9868-57a2d4851a1d" relativeResultsDirectory="771ae6b3-c741-4904-b15e-402425aa5d50" />
    <UnitTestResult executionId="3a5fc65b-07a7-4211-bf68-e3bdf2c7f6eb" testId="cc518b73-88d8-a00c-d673-0f0c58c218db" testName="SearchedKeywordInAllResults" computerName="DESKTOP-8LAH5J8" duration="00:00:05.2545831" startTime="2024-02-29T07:12:34.8810972-05:00" endTime="2024-02-29T07:12:40.1363355-05:00" testType="13cdc9d9-ddb5-4fa4-a97d-d965ccfc6d4b" outcome="Failed" testListId="8c84fa94-04c1-424b-9868-57a2d4851a1d" relativeResultsDirectory="3a5fc65b-07a7-4211-bf68-e3bdf2c7f6eb">
      <Output>
        <ErrorInfo>
          <Message>Test method SeleniumPOM_LumaStore_Demo.Tests.SearchTests.SearchedKeywordInAllResults threw exception: &#xD;
OpenQA.Selenium.StaleElementReferenceException: stale element reference: stale element not found
  (Session info: chrome=122.0.6261.70); For documentation on this error, please visit: https://www.selenium.dev/documentation/webdriver/troubleshooting/errors#stale-element-reference-exception</Message>
          <StackTrace>    at OpenQA.Selenium.WebDriver.UnpackAndThrowOnError(Response errorResponse, String commandToExecute)&#xD;
   at OpenQA.Selenium.WebDriver.Execute(String driverCommandToExecute, Dictionary`2 parameters)&#xD;
   at OpenQA.Selenium.WebDriver.InternalExecute(String driverCommandToExecute, Dictionary`2 parameters)&#xD;
   at OpenQA.Selenium.WebElement.Execute(String commandToExecute, Dictionary`2 parameters)&#xD;
   at OpenQA.Selenium.WebElement.FindElement(String mechanism, String value)&#xD;
   at OpenQA.Selenium.By.&lt;.ctor&gt;b__11_0(ISearchContext context)&#xD;
   at OpenQA.Selenium.By.FindElement(ISearchContext context)&#xD;
   at OpenQA.Selenium.WebElement.FindElement(By by)&#xD;
   at SeleniumPOM_LumaStore_Demo.Pages.ProductSquare.get_ProductName() in D:\Source\Repos\SeleniumPOM-LumaStore-Demo\SeleniumPOM-LumaStore-Demo\Pages\Components\ProductSquare.cs:line 31&#xD;
   at SeleniumPOM_LumaStore_Demo.Tests.SearchTests.&lt;&gt;c__DisplayClass0_0.&lt;SearchedKeywordInAllResults&gt;b__0(ProductSquare prodEle) in D:\Source\Repos\SeleniumPOM-LumaStore-Demo\SeleniumPOM-LumaStore-Demo\Tests\SearchTests.cs:line 30&#xD;
   at System.Collections.Generic.List`1.FindAll(Predicate`1 match)&#xD;
   at SeleniumPOM_LumaStore_Demo.Pages.ProductGrid.GetAllMatchingProducts(Predicate`1 match) in D:\Source\Repos\SeleniumPOM-LumaStore-Demo\SeleniumPOM-LumaStore-Demo\Pages\Components\ProductGrid.cs:line 37&#xD;
   at SeleniumPOM_LumaStore_Demo.Tests.SearchTests.SearchedKeywordInAllResults() in D:\Source\Repos\SeleniumPOM-LumaStore-Demo\SeleniumPOM-LumaStore-Demo\Tests\SearchTests.cs:line 30&#xD;
   at System.RuntimeMethodHandle.InvokeMethod(Object target, Void** arguments, Signature sig, Boolean isConstructor)&#xD;
   at System.Reflection.MethodBaseInvoker.InvokeWithNoArgs(Object obj, BindingFlags invokeAttr)&#xD;
</StackTrace>
        </ErrorInfo>
      </Output>
    </UnitTestResult>
  </Results>
  <TestDefinitions>
    <UnitTest name="UnableToAddToCartMissingQuantity" storage="d:\source\repos\seleniumpom-lumastore-demo\seleniumpom-lumastore-demo\bin\debug\net8.0\seleniumpom-lumastore-demo.dll" id="13788aa9-b312-8c37-9712-5501c601dcfb">
      <TestCategory>
        <TestCategoryItem TestCategory="Product page tests for clothing items" />
      </TestCategory>
      <Execution id="771ae6b3-c741-4904-b15e-402425aa5d50" />
      <TestMethod codeBase="D:\Source\Repos\SeleniumPOM-LumaStore-Demo\SeleniumPOM-LumaStore-Demo\bin\debug\net8.0\SeleniumPOM-LumaStore-Demo.dll" adapterTypeName="executor://mstestadapter/v2" className="SeleniumPOM_LumaStore_Demo.Tests.ClothingCheckoutTests" name="UnableToAddToCartMissingQuantity" />
    </UnitTest>
    <UnitTest name="AddingToShoppingCartUpdatesCounterIcon" storage="d:\source\repos\seleniumpom-lumastore-demo\seleniumpom-lumastore-demo\bin\debug\net8.0\seleniumpom-lumastore-demo.dll" id="032c0885-a57c-8b8c-7984-c9fc3b1ce710">
      <TestCategory>
        <TestCategoryItem TestCategory="Add/Remove From Shopping Cards" />
      </TestCategory>
      <Execution id="2a22533d-0044-4eb2-83fc-e3b4b6026608" />
      <TestMethod codeBase="D:\Source\Repos\SeleniumPOM-LumaStore-Demo\SeleniumPOM-LumaStore-Demo\bin\debug\net8.0\SeleniumPOM-LumaStore-Demo.dll" adapterTypeName="executor://mstestadapter/v2" className="SeleniumPOM_LumaStore_Demo.Tests.ShoppingCartTests" name="AddingToShoppingCartUpdatesCounterIcon" />
    </UnitTest>
    <UnitTest name="UnableToAddToCartMissingColor" storage="d:\source\repos\seleniumpom-lumastore-demo\seleniumpom-lumastore-demo\bin\debug\net8.0\seleniumpom-lumastore-demo.dll" id="eee6827c-319b-e15f-ed39-ad2f940b5a9e">
      <TestCategory>
        <TestCategoryItem TestCategory="Product page tests for clothing items" />
      </TestCategory>
      <Execution id="7b8fb0ee-e478-4256-bdb5-de4b521ba7fc" />
      <TestMethod codeBase="D:\Source\Repos\SeleniumPOM-LumaStore-Demo\SeleniumPOM-LumaStore-Demo\bin\debug\net8.0\SeleniumPOM-LumaStore-Demo.dll" adapterTypeName="executor://mstestadapter/v2" className="SeleniumPOM_LumaStore_Demo.Tests.ClothingCheckoutTests" name="UnableToAddToCartMissingColor" />
    </UnitTest>
    <UnitTest name="UnableToAddToCartMissingSize" storage="d:\source\repos\seleniumpom-lumastore-demo\seleniumpom-lumastore-demo\bin\debug\net8.0\seleniumpom-lumastore-demo.dll" id="add8dfda-618c-7b30-1ad5-26fde67ed460">
      <TestCategory>
        <TestCategoryItem TestCategory="Product page tests for clothing items" />
      </TestCategory>
      <Execution id="d158f2b3-b9d9-49e9-a53d-b5ad36e324d7" />
      <TestMethod codeBase="D:\Source\Repos\SeleniumPOM-LumaStore-Demo\SeleniumPOM-LumaStore-Demo\bin\debug\net8.0\SeleniumPOM-LumaStore-Demo.dll" adapterTypeName="executor://mstestadapter/v2" className="SeleniumPOM_LumaStore_Demo.Tests.ClothingCheckoutTests" name="UnableToAddToCartMissingSize" />
    </UnitTest>
    <UnitTest name="SearchedKeywordInAllResults" storage="d:\source\repos\seleniumpom-lumastore-demo\seleniumpom-lumastore-demo\bin\debug\net8.0\seleniumpom-lumastore-demo.dll" id="cc518b73-88d8-a00c-d673-0f0c58c218db">
      <TestCategory>
        <TestCategoryItem TestCategory="Search and results tests" />
      </TestCategory>
      <Execution id="3a5fc65b-07a7-4211-bf68-e3bdf2c7f6eb" />
      <TestMethod codeBase="D:\Source\Repos\SeleniumPOM-LumaStore-Demo\SeleniumPOM-LumaStore-Demo\bin\debug\net8.0\SeleniumPOM-LumaStore-Demo.dll" adapterTypeName="executor://mstestadapter/v2" className="SeleniumPOM_LumaStore_Demo.Tests.SearchTests" name="SearchedKeywordInAllResults" />
    </UnitTest>
  </TestDefinitions>
  <TestEntries>
    <TestEntry testId="032c0885-a57c-8b8c-7984-c9fc3b1ce710" executionId="2a22533d-0044-4eb2-83fc-e3b4b6026608" testListId="8c84fa94-04c1-424b-9868-57a2d4851a1d" />
    <TestEntry testId="eee6827c-319b-e15f-ed39-ad2f940b5a9e" executionId="7b8fb0ee-e478-4256-bdb5-de4b521ba7fc" testListId="8c84fa94-04c1-424b-9868-57a2d4851a1d" />
    <TestEntry testId="add8dfda-618c-7b30-1ad5-26fde67ed460" executionId="d158f2b3-b9d9-49e9-a53d-b5ad36e324d7" testListId="8c84fa94-04c1-424b-9868-57a2d4851a1d" />
    <TestEntry testId="13788aa9-b312-8c37-9712-5501c601dcfb" executionId="771ae6b3-c741-4904-b15e-402425aa5d50" testListId="8c84fa94-04c1-424b-9868-57a2d4851a1d" />
    <TestEntry testId="cc518b73-88d8-a00c-d673-0f0c58c218db" executionId="3a5fc65b-07a7-4211-bf68-e3bdf2c7f6eb" testListId="8c84fa94-04c1-424b-9868-57a2d4851a1d" />
  </TestEntries>
  <TestLists>
    <TestList name="Results Not in a List" id="8c84fa94-04c1-424b-9868-57a2d4851a1d" />
    <TestList name="All Loaded Results" id="19431567-8539-422a-85d7-44ee4e166bda" />
  </TestLists>
  <ResultSummary outcome="Failed">
    <Counters total="5" executed="5" passed="3" failed="2" error="0" timeout="0" aborted="0" inconclusive="0" passedButRunAborted="0" notRunnable="0" notExecuted="0" disconnected="0" warning="0" completed="0" inProgress="0" pending="0" />
  </ResultSummary>
</TestRun>